\BOOKMARK [1][-]{section.1}{\376\377\136\217\122\027\153\324\133\371\116\016\174\373\176\337\123\321\165\037\150\021\147\204\136\372\166\204\166\370\121\163\173\227\154\325\173\200\116\313}{}% 1
\BOOKMARK [2][-]{subsection.1.1}{\376\377\136\217\122\027\153\324\133\371\145\271\154\325}{section.1}% 2
\BOOKMARK [3][-]{subsubsection.1.1.1}{\376\377\000N\000e\000e\000d\000l\000e\000m\000a\000n\000-\000W\000u\000n\000s\000c\000h\173\227\154\325}{subsection.1.1}% 3
\BOOKMARK [2][-]{subsection.1.2}{\376\377\174\373\176\337\123\321\165\037\150\021\147\204\136\372\145\271\154\325}{section.1}% 4
\BOOKMARK [3][-]{subsubsection.1.2.1}{\376\377\227\136\122\240\147\103\176\304\136\163\127\107\154\325}{subsection.1.2}% 5
\BOOKMARK [3][-]{subsubsection.1.2.2}{\376\377\220\273\143\245\154\325}{subsection.1.2}% 6
\BOOKMARK [2][-]{subsection.1.3}{\376\377\136\070\211\301\166\204\211\343\121\263\145\271\150\110\123\312\121\166\137\012\172\357}{section.1}% 7
\BOOKMARK [1][-]{section.2}{\376\377\147\054\174\373\176\337\166\204\127\372\170\100\147\266\147\204}{}% 8
\BOOKMARK [2][-]{subsection.2.1}{\376\377\173\227\154\325\135\114\121\145\060\001\230\171\166\356\145\207\116\366\131\071\123\312\124\175\124\015\172\172\225\364\174\373\176\337}{section.2}% 9
\BOOKMARK [3][-]{subsubsection.2.1.1}{\376\377\173\227\154\325\135\114\121\145}{subsection.2.1}% 10
\BOOKMARK [3][-]{subsubsection.2.1.2}{\376\377\230\171\166\356\145\207\116\366\131\071}{subsection.2.1}% 11
\BOOKMARK [3][-]{subsubsection.2.1.3}{\376\377\124\175\124\015\172\172\225\364\174\373\176\337}{subsection.2.1}% 12
\BOOKMARK [2][-]{subsection.2.2}{\376\377\127\372\116\216\000P\000y\000t\000h\000o\000n\166\204\143\247\122\066\123\360\000+\172\227\117\123\123\026\123\314\172\357\174\373\176\337}{section.2}% 13
\BOOKMARK [3][-]{subsubsection.2.2.1}{\376\377\172\227\117\123\172\357}{subsection.2.2}% 14
\BOOKMARK [3][-]{subsubsection.2.2.2}{\376\377\143\247\122\066\123\360\172\357}{subsection.2.2}% 15
\BOOKMARK [1][-]{section.3}{\376\377\116\272\135\345\146\172\200\375\166\204\137\025\121\145}{}% 16
\BOOKMARK [2][-]{subsection.3.1}{\376\377\116\272\135\345\146\172\200\375\152\041\127\213\166\204\213\276\213\241}{section.3}% 17
\BOOKMARK [2][-]{subsection.3.2}{\376\377\213\255\176\303\165\050\145\160\143\156\166\204\147\145\156\220}{section.3}% 18
\BOOKMARK [2][-]{subsection.3.3}{\376\377\213\255\176\303\217\307\172\013}{section.3}% 19
\BOOKMARK [1][-]{section.4}{\376\377\147\054\174\373\176\337\166\204\155\113\213\325\116\016\134\125\147\033}{}% 20
\BOOKMARK [2][-]{subsection.4.1}{\376\377\174\373\176\337\166\204\123\357\142\151\134\125\140\047\116\016\123\357\171\373\151\015\140\047}{section.4}% 21
\BOOKMARK [3][-]{subsubsection.4.1.1}{\376\377\123\357\142\151\134\125\140\047}{subsection.4.1}% 22
\BOOKMARK [3][-]{subsubsection.4.1.2}{\376\377\123\357\171\373\151\015\140\047}{subsection.4.1}% 23
\BOOKMARK [2][-]{subsection.4.2}{\376\377\174\373\176\337\133\371\162\151\171\315\157\024\123\026\215\357\137\204\166\204\121\306\170\156\122\044\145\255\123\312\121\166\117\277\122\051\140\047}{section.4}% 24
\BOOKMARK [2][-]{subsection.4.3}{\376\377\166\356\122\115\133\130\127\050\166\204\225\356\230\230}{section.4}% 25
\BOOKMARK [2][-]{subsection.4.4}{\376\377\230\171\166\356\127\060\127\100}{section.4}% 26
\BOOKMARK [1][-]{section.5}{\376\377\201\364\214\042\116\016\117\134\200\005\215\041\163\056\130\360\146\016}{}% 27
\BOOKMARK [2][-]{subsection.5.1}{\376\377\117\134\200\005\215\041\163\056\130\360\146\016}{section.5}% 28
\BOOKMARK [2][-]{subsection.5.2}{\376\377\201\364\214\042}{section.5}% 29
